<?xml version="1.0" encoding="UTF-8"?>
<!-- Generated by org.testng.reporters.JUnitReportReporter -->
<testsuite hostname="LAPTOP-526NB4VC" failures="0" tests="3" name="TestNg_DataProvider.Data_provider" time="15.339" errors="0" timestamp="2023-09-02T11:10:55 IST" skipped="0">
  <testcase classname="TestNg_DataProvider.Data_provider" name="demo" time="5.471"/>
  <system-out/>
  <testcase classname="TestNg_DataProvider.Data_provider" name="demo" time="4.833"/>
  <system-out/>
  <testcase classname="TestNg_DataProvider.Data_provider" name="demo" time="5.035"/>
  <system-out/>
</testsuite> <!-- TestNg_DataProvider.Data_provider -->
