<?xml version="1.0" encoding="UTF-8"?>
<!-- Generated by org.testng.reporters.JUnitReportReporter -->
<testsuite hostname="LAPTOP-526NB4VC" failures="0" tests="2" name="TestNg_Annotation.Annotations" time="14.453" errors="0" timestamp="2023-09-01T11:47:14 IST" skipped="0">
  <testcase classname="TestNg_Annotation.Annotations" name="fbBrowser" time="5.992"/>
  <system-out/>
  <testcase classname="TestNg_Annotation.Annotations" name="amazon" time="8.461"/>
  <system-out/>
</testsuite> <!-- TestNg_Annotation.Annotations -->
