<?xml version="1.0" encoding="UTF-8"?>
<!-- Generated by org.testng.reporters.JUnitReportReporter -->
<testsuite hostname="LAPTOP-526NB4VC" failures="0" tests="1" name="TestNg_Group.Sample1" time="0.008" errors="0" timestamp="2023-09-01T10:24:42 IST" skipped="0">
  <testcase classname="TestNg_Group.Sample1" name="demo1" time="0.008"/>
  <system-out/>
</testsuite> <!-- TestNg_Group.Sample1 -->
