<?xml version="1.0" encoding="UTF-8"?>
<!-- Generated by org.testng.reporters.JUnitReportReporter -->
<testsuite hostname="LAPTOP-526NB4VC" failures="0" tests="1" name="TestNg.TestNg_Assertions" time="5.454" errors="0" timestamp="2023-09-02T10:24:30 IST" skipped="0">
  <testcase classname="TestNg.TestNg_Assertions" name="assertions" time="5.454"/>
  <system-out/>
</testsuite> <!-- TestNg.TestNg_Assertions -->
