<?xml version="1.0" encoding="UTF-8"?>
<!-- Generated by org.testng.reporters.JUnitReportReporter -->
<testsuite hostname="LAPTOP-526NB4VC" failures="0" tests="1" name="TestNg_Report.Facebook" time="8.254" errors="0" timestamp="2023-09-02T10:51:45 IST" skipped="0">
  <testcase classname="TestNg_Report.Facebook" name="facebook" time="8.254"/>
  <system-out/>
</testsuite> <!-- TestNg_Report.Facebook -->
