<?xml version="1.0" encoding="UTF-8"?>
<!-- Generated by org.testng.reporters.JUnitReportReporter -->
<testsuite hostname="LAPTOP-526NB4VC" failures="0" tests="1" name="TestNg_Distribution.Amazon" time="11.054" errors="0" timestamp="2023-09-01T10:46:22 IST" skipped="0">
  <testcase classname="TestNg_Distribution.Amazon" name="amazon" time="11.054"/>
  <system-out/>
</testsuite> <!-- TestNg_Distribution.Amazon -->
