<?xml version="1.0" encoding="UTF-8"?>
<!-- Generated by org.testng.reporters.JUnitReportReporter -->
<testsuite hostname="LAPTOP-526NB4VC" failures="0" tests="1" name="TestNg_Seqential.Amazon" time="4.994" errors="0" timestamp="2023-08-31T11:21:45 IST" skipped="0">
  <testcase classname="TestNg_Seqential.Amazon" name="amazon" time="4.994"/>
  <system-out/>
</testsuite> <!-- TestNg_Seqential.Amazon -->
