<?xml version="1.0" encoding="UTF-8"?>
<!-- Generated by org.testng.reporters.JUnitReportReporter -->
<testsuite hostname="LAPTOP-526NB4VC" failures="0" tests="1" name="TestNg_Group.Sample2" time="0.001" errors="0" timestamp="2023-09-01T10:24:42 IST" skipped="0">
  <testcase classname="TestNg_Group.Sample2" name="sample3" time="0.001"/>
  <system-out/>
</testsuite> <!-- TestNg_Group.Sample2 -->
