<?xml version="1.0" encoding="UTF-8"?>
<!-- Generated by org.testng.reporters.JUnitReportReporter -->
<testsuite hostname="LAPTOP-526NB4VC" failures="0" tests="1" name="TestNg_Report.Amazon" time="5.767" errors="0" timestamp="2023-09-02T10:45:10 IST" skipped="0">
  <testcase classname="TestNg_Report.Amazon" name="amazon" time="5.767"/>
  <system-out/>
</testsuite> <!-- TestNg_Report.Amazon -->
